2020-07-27 01:58:13 - Starting C:\Program Files\nodejs\node.exe  --harmony "D:\Programming Projects\arctis-battery-oled\node_modules\node-windows\lib\wrapper.js" --file "D:\Programming Projects\arctis-battery-oled\Main.js" --log "Arctis Headset OLED Battery Indicator wrapper" --grow 0.25 --wait 1 --maxrestarts 3 --abortonerror n --stopparentfirst undefined
2020-07-27 01:58:13 - Started 2576
2020-07-27 02:01:19 - Starting C:\Program Files\nodejs\node.exe  --harmony "D:\Programming Projects\arctis-battery-oled\node_modules\node-windows\lib\wrapper.js" --file "D:\Programming Projects\arctis-battery-oled\Main.js" --log "Arctis Headset OLED Battery Indicator wrapper" --grow 0.25 --wait 1 --maxrestarts 3 --abortonerror n --stopparentfirst undefined
2020-07-27 02:01:19 - Started 6464
2020-07-27 02:02:20 - Starting C:\Program Files\nodejs\node.exe  --harmony "D:\Programming Projects\arctis-battery-oled\node_modules\node-windows\lib\wrapper.js" --file "D:\Programming Projects\arctis-battery-oled\Main.js" --log "Arctis Headset OLED Battery Indicator wrapper" --grow 0.25 --wait 1 --maxrestarts 3 --abortonerror n --stopparentfirst undefined
2020-07-27 02:02:20 - Started 10524
2020-07-27 02:04:57 - Starting C:\Program Files\nodejs\node.exe  --harmony "D:\Programming Projects\arctis-battery-oled\node_modules\node-windows\lib\wrapper.js" --file "D:\Programming Projects\arctis-battery-oled\Main.js" --log "Arctis Headset OLED Battery Indicator wrapper" --grow 0.25 --wait 1 --maxrestarts 3 --abortonerror n --stopparentfirst undefined
2020-07-27 02:04:57 - Started 12124
2020-07-27 02:07:50 - Starting C:\Program Files\nodejs\node.exe  --harmony "D:\Programming Projects\arctis-battery-oled\node_modules\node-windows\lib\wrapper.js" --file "D:\Programming Projects\arctis-battery-oled\Main.js" --log "Arctis Headset OLED Battery Indicator wrapper" --grow 0.25 --wait 1 --maxrestarts 3 --abortonerror n --stopparentfirst undefined
2020-07-27 02:07:50 - Started 6452
2020-07-27 02:08:58 - Starting C:\Program Files\nodejs\node.exe  --harmony "D:\Programming Projects\arctis-battery-oled\node_modules\node-windows\lib\wrapper.js" --file "D:\Programming Projects\arctis-battery-oled\Main.js" --log "Arctis Headset OLED Battery Indicator wrapper" --grow 0.25 --wait 1 --maxrestarts 3 --abortonerror n --stopparentfirst undefined
2020-07-27 02:08:58 - Started 4004
2020-07-27 02:11:49 - Starting C:\Program Files\nodejs\node.exe  --harmony "D:\Programming Projects\arctis-battery-oled\node_modules\node-windows\lib\wrapper.js" --file "D:\Programming Projects\arctis-battery-oled\Main.js" --log "Arctis Headset OLED Battery Indicator wrapper" --grow 0.25 --wait 1 --maxrestarts 3 --abortonerror n --stopparentfirst undefined
2020-07-27 02:11:49 - Started 6568
2020-07-27 02:12:59 - Starting C:\Program Files\nodejs\node.exe  --harmony "D:\Programming Projects\arctis-battery-oled\node_modules\node-windows\lib\wrapper.js" --file "D:\Programming Projects\arctis-battery-oled\Main.js" --log "Arctis Headset OLED Battery Indicator wrapper" --grow 0.25 --wait 1 --maxrestarts 3 --abortonerror n --stopparentfirst undefined
2020-07-27 02:12:59 - Started 2944
2020-07-27 02:15:43 - Stopping arctisheadsetoledbatteryindicator.exe
2020-07-27 02:15:43 - ProcessKill 2944
2020-07-27 02:15:43 - Found child process: 3016 Name: conhost.exe
2020-07-27 02:15:43 - Found child process: 4208 Name: node.exe
2020-07-27 02:15:43 - Stopping process 3016
2020-07-27 02:15:43 - Send SIGINT 3016
2020-07-27 02:15:43 - SIGINT to 3016 failed - Killing as fallback
2020-07-27 02:15:43 - Stopping process 4208
2020-07-27 02:15:43 - Send SIGINT 4208
2020-07-27 02:15:43 - SIGINT to 4208 failed - Killing as fallback
2020-07-27 02:15:43 - Stopping process 2944
2020-07-27 02:15:43 - Send SIGINT 2944
2020-07-27 02:15:43 - SIGINT to 2944 failed - Killing as fallback
2020-07-27 02:15:43 - Finished arctisheadsetoledbatteryindicator.exe
2020-07-27 02:15:45 - Starting C:\Program Files\nodejs\node.exe  --harmony "D:\Programming Projects\arctis-battery-oled\node_modules\node-windows\lib\wrapper.js" --file "D:\Programming Projects\arctis-battery-oled\Main.js" --log "Arctis Headset OLED Battery Indicator wrapper" --grow 0.25 --wait 1 --maxrestarts 3 --abortonerror n --stopparentfirst undefined
2020-07-27 02:15:45 - Started 14028
2020-07-27 12:55:48 - Starting C:\Program Files\nodejs\node.exe  --harmony "D:\Programming Projects\arctis-battery-oled\node_modules\node-windows\lib\wrapper.js" --file "D:\Programming Projects\arctis-battery-oled\Main.js" --log "Arctis Headset OLED Battery Indicator wrapper" --grow 0.25 --wait 1 --maxrestarts 3 --abortonerror n --stopparentfirst undefined
2020-07-27 12:55:48 - Started 6356
2020-07-27 12:59:43 - Starting C:\Program Files\nodejs\node.exe  --harmony "D:\Programming Projects\arctis-battery-oled\node_modules\node-windows\lib\wrapper.js" --file "D:\Programming Projects\arctis-battery-oled\Main.js" --log "Arctis Headset OLED Battery Indicator wrapper" --grow 0.25 --wait 1 --maxrestarts 3 --abortonerror n --stopparentfirst undefined
2020-07-27 12:59:43 - Started 7280
2020-07-27 12:59:58 - Stopping arctisheadsetoledbatteryindicator.exe
2020-07-27 12:59:58 - ProcessKill 7280
2020-07-27 12:59:58 - Found child process: 8800 Name: conhost.exe
2020-07-27 12:59:58 - Found child process: 3464 Name: node.exe
2020-07-27 12:59:58 - Stopping process 8800
2020-07-27 12:59:58 - Send SIGINT 8800
2020-07-27 12:59:58 - SIGINT to 8800 failed - Killing as fallback
2020-07-27 12:59:58 - Stopping process 3464
2020-07-27 12:59:58 - Send SIGINT 3464
2020-07-27 12:59:58 - SIGINT to 3464 failed - Killing as fallback
2020-07-27 12:59:58 - Stopping process 7280
2020-07-27 12:59:58 - Send SIGINT 7280
2020-07-27 12:59:58 - SIGINT to 7280 failed - Killing as fallback
2020-07-27 12:59:58 - Finished arctisheadsetoledbatteryindicator.exe
2020-07-27 13:02:32 - Starting C:\Program Files\nodejs\node.exe  --harmony "D:\Programming Projects\arctis-battery-oled\node_modules\node-windows\lib\wrapper.js" --file "D:\Programming Projects\arctis-battery-oled\Main.js" --log "Arctis Headset OLED Battery Indicator wrapper" --grow 0.25 --wait 1 --maxrestarts 3 --abortonerror n --stopparentfirst undefined
2020-07-27 13:02:32 - Started 6528
2020-07-27 13:08:01 - Starting C:\Program Files\nodejs\node.exe  --harmony "D:\Programming Projects\arctis-battery-oled\node_modules\node-windows\lib\wrapper.js" --file "D:\Programming Projects\arctis-battery-oled\Main.js" --log "Arctis Headset OLED Battery Indicator wrapper" --grow 0.25 --wait 1 --maxrestarts 3 --abortonerror n --stopparentfirst undefined
2020-07-27 13:08:01 - Started 6544
2020-07-27 13:09:07 - Starting C:\Program Files\nodejs\node.exe  --harmony "D:\Programming Projects\arctis-battery-oled\node_modules\node-windows\lib\wrapper.js" --file "D:\Programming Projects\arctis-battery-oled\Main.js" --log "Arctis Headset OLED Battery Indicator wrapper" --grow 0.25 --wait 1 --maxrestarts 3 --abortonerror n --stopparentfirst undefined
2020-07-27 13:09:07 - Started 4288
2020-07-27 13:15:11 - Stopping arctisheadsetoledbatteryindicator.exe
2020-07-27 13:15:11 - ProcessKill 4288
2020-07-27 13:15:12 - Found child process: 9540 Name: conhost.exe
2020-07-27 13:15:12 - Found child process: 2960 Name: node.exe
2020-07-27 13:15:12 - Stopping process 9540
2020-07-27 13:15:12 - Send SIGINT 9540
2020-07-27 13:15:12 - SIGINT to 9540 failed - Killing as fallback
2020-07-27 13:15:12 - Stopping process 2960
2020-07-27 13:15:12 - Send SIGINT 2960
2020-07-27 13:15:12 - SIGINT to 2960 failed - Killing as fallback
2020-07-27 13:15:12 - Stopping process 4288
2020-07-27 13:15:12 - Send SIGINT 4288
2020-07-27 13:15:12 - SIGINT to 4288 failed - Killing as fallback
2020-07-27 13:15:12 - Finished arctisheadsetoledbatteryindicator.exe
2020-07-27 14:07:02 - Starting C:\Program Files\nodejs\node.exe  --harmony "D:\Programming Projects\arctis-battery-oled\node_modules\node-windows\lib\wrapper.js" --file "D:\Programming Projects\arctis-battery-oled\Main.js" --log "Arctis Headset OLED Battery Indicator wrapper" --grow 0.25 --wait 1 --maxrestarts 3 --abortonerror n --stopparentfirst undefined
2020-07-27 14:07:02 - Started 4052
2020-07-27 16:06:30 - Starting C:\Program Files\nodejs\node.exe  --harmony "D:\Programming Projects\arctis-battery-oled\node_modules\node-windows\lib\wrapper.js" --file "D:\Programming Projects\arctis-battery-oled\Main.js" --log "Arctis Headset OLED Battery Indicator wrapper" --grow 0.25 --wait 1 --maxrestarts 3 --abortonerror n --stopparentfirst undefined
2020-07-27 16:06:30 - Started 776
2020-07-27 20:33:50 - Stopping arctisheadsetoledbatteryindicator.exe
2020-07-27 20:33:50 - ProcessKill 776
2020-07-27 20:33:50 - Found child process: 1608 Name: conhost.exe
2020-07-27 20:33:50 - Found child process: 3200 Name: node.exe
2020-07-27 20:33:50 - Stopping process 1608
2020-07-27 20:33:50 - Send SIGINT 1608
2020-07-27 20:33:50 - SIGINT to 1608 failed - Killing as fallback
2020-07-27 20:33:50 - Stopping process 3200
2020-07-27 20:33:50 - Send SIGINT 3200
2020-07-27 20:33:50 - SIGINT to 3200 failed - Killing as fallback
2020-07-27 20:33:50 - Stopping process 776
2020-07-27 20:33:50 - Send SIGINT 776
2020-07-27 20:33:50 - SIGINT to 776 failed - Killing as fallback
2020-07-27 20:33:50 - Finished arctisheadsetoledbatteryindicator.exe
2020-07-27 20:33:52 - Starting C:\Program Files\nodejs\node.exe  --harmony "D:\Programming Projects\arctis-battery-oled\node_modules\node-windows\lib\wrapper.js" --file "D:\Programming Projects\arctis-battery-oled\Main.js" --log "Arctis Headset OLED Battery Indicator wrapper" --grow 0.25 --wait 1 --maxrestarts 3 --abortonerror n --stopparentfirst undefined
2020-07-27 20:33:52 - Started 13320
2020-07-27 20:34:57 - Starting C:\Program Files\nodejs\node.exe  --harmony "D:\Programming Projects\arctis-battery-oled\node_modules\node-windows\lib\wrapper.js" --file "D:\Programming Projects\arctis-battery-oled\Main.js" --log "Arctis Headset OLED Battery Indicator wrapper" --grow 0.25 --wait 1 --maxrestarts 3 --abortonerror n --stopparentfirst undefined
2020-07-27 20:34:57 - Started 6984
2020-07-27 20:36:03 - Starting C:\Program Files\nodejs\node.exe  --harmony "D:\Programming Projects\arctis-battery-oled\node_modules\node-windows\lib\wrapper.js" --file "D:\Programming Projects\arctis-battery-oled\Main.js" --log "Arctis Headset OLED Battery Indicator wrapper" --grow 0.25 --wait 1 --maxrestarts 3 --abortonerror n --stopparentfirst undefined
2020-07-27 20:36:03 - Started 304
2020-07-27 20:37:09 - Starting C:\Program Files\nodejs\node.exe  --harmony "D:\Programming Projects\arctis-battery-oled\node_modules\node-windows\lib\wrapper.js" --file "D:\Programming Projects\arctis-battery-oled\Main.js" --log "Arctis Headset OLED Battery Indicator wrapper" --grow 0.25 --wait 1 --maxrestarts 3 --abortonerror n --stopparentfirst undefined
2020-07-27 20:37:09 - Started 9384
2020-07-27 20:43:03 - Stopping arctisheadsetoledbatteryindicator.exe
2020-07-27 20:43:03 - ProcessKill 9384
2020-07-27 20:43:03 - Found child process: 11032 Name: conhost.exe
2020-07-27 20:43:03 - Found child process: 9064 Name: node.exe
2020-07-27 20:43:03 - Stopping process 11032
2020-07-27 20:43:03 - Send SIGINT 11032
2020-07-27 20:43:03 - SIGINT to 11032 failed - Killing as fallback
2020-07-27 20:43:03 - Stopping process 9064
2020-07-27 20:43:03 - Send SIGINT 9064
2020-07-27 20:43:03 - SIGINT to 9064 failed - Killing as fallback
2020-07-27 20:43:03 - Stopping process 9384
2020-07-27 20:43:03 - Send SIGINT 9384
2020-07-27 20:43:03 - SIGINT to 9384 failed - Killing as fallback
2020-07-27 20:43:03 - Finished arctisheadsetoledbatteryindicator.exe
2020-07-27 20:43:04 - Starting C:\Program Files\nodejs\node.exe  --harmony "D:\Programming Projects\arctis-battery-oled\node_modules\node-windows\lib\wrapper.js" --file "D:\Programming Projects\arctis-battery-oled\Main.js" --log "Arctis Headset OLED Battery Indicator wrapper" --grow 0.25 --wait 1 --maxrestarts 3 --abortonerror n --stopparentfirst undefined
2020-07-27 20:43:04 - Started 14588
2020-07-27 20:43:30 - Stopping arctisheadsetoledbatteryindicator.exe
2020-07-27 20:43:30 - ProcessKill 14588
2020-07-27 20:43:30 - Found child process: 8180 Name: conhost.exe
2020-07-27 20:43:30 - Found child process: 7408 Name: node.exe
2020-07-27 20:43:30 - Stopping process 8180
2020-07-27 20:43:30 - Send SIGINT 8180
2020-07-27 20:43:30 - SIGINT to 8180 failed - Killing as fallback
2020-07-27 20:43:30 - Stopping process 7408
2020-07-27 20:43:30 - Send SIGINT 7408
2020-07-27 20:43:30 - SIGINT to 7408 failed - Killing as fallback
2020-07-27 20:43:30 - Stopping process 14588
2020-07-27 20:43:30 - Send SIGINT 14588
2020-07-27 20:43:30 - SIGINT to 14588 failed - Killing as fallback
2020-07-27 20:43:30 - Finished arctisheadsetoledbatteryindicator.exe
2020-07-27 20:43:31 - Starting C:\Program Files\nodejs\node.exe  --harmony "D:\Programming Projects\arctis-battery-oled\node_modules\node-windows\lib\wrapper.js" --file "D:\Programming Projects\arctis-battery-oled\Main.js" --log "Arctis Headset OLED Battery Indicator wrapper" --grow 0.25 --wait 1 --maxrestarts 3 --abortonerror n --stopparentfirst undefined
2020-07-27 20:43:31 - Started 7632
2020-07-27 20:45:56 - Stopping arctisheadsetoledbatteryindicator.exe
2020-07-27 20:45:56 - ProcessKill 7632
2020-07-27 20:45:56 - Found child process: 8660 Name: conhost.exe
2020-07-27 20:45:56 - Found child process: 7040 Name: node.exe
2020-07-27 20:45:56 - Stopping process 8660
2020-07-27 20:45:56 - Send SIGINT 8660
2020-07-27 20:45:56 - SIGINT to 8660 failed - Killing as fallback
2020-07-27 20:45:56 - Stopping process 7040
2020-07-27 20:45:56 - Send SIGINT 7040
2020-07-27 20:45:56 - SIGINT to 7040 failed - Killing as fallback
2020-07-27 20:45:56 - Stopping process 7632
2020-07-27 20:45:56 - Send SIGINT 7632
2020-07-27 20:45:56 - SIGINT to 7632 failed - Killing as fallback
2020-07-27 20:45:56 - Finished arctisheadsetoledbatteryindicator.exe
2020-07-27 21:24:44 - Starting C:\Program Files\nodejs\node.exe  --harmony "D:\Programming Projects\arctis-battery-oled\node_modules\node-windows\lib\wrapper.js" --file "D:\Programming Projects\arctis-battery-oled\Main.js" --log "Arctis Headset OLED Battery Indicator wrapper" --grow 0.25 --wait 1 --maxrestarts 3 --abortonerror n --stopparentfirst undefined
2020-07-27 21:24:44 - Started 6968
2020-07-28 01:35:43 - Stopping arctisheadsetoledbatteryindicator.exe
2020-07-28 01:35:43 - ProcessKill 6968
2020-07-28 01:35:44 - Found child process: 3736 Name: conhost.exe
2020-07-28 01:35:44 - Found child process: 1344 Name: node.exe
2020-07-28 01:35:44 - Stopping process 3736
2020-07-28 01:35:44 - Send SIGINT 3736
2020-07-28 01:35:44 - SIGINT to 3736 failed - Killing as fallback
2020-07-28 01:35:44 - Stopping process 1344
2020-07-28 01:35:44 - Send SIGINT 1344
2020-07-28 01:35:44 - SIGINT to 1344 failed - Killing as fallback
2020-07-28 01:35:44 - Stopping process 6968
2020-07-28 01:35:44 - Send SIGINT 6968
2020-07-28 01:35:44 - SIGINT to 6968 failed - Killing as fallback
2020-07-28 01:35:44 - Finished arctisheadsetoledbatteryindicator.exe
2020-07-28 01:35:45 - Starting C:\Program Files\nodejs\node.exe  --harmony "D:\Programming Projects\arctis-battery-oled\node_modules\node-windows\lib\wrapper.js" --file "D:\Programming Projects\arctis-battery-oled\Main.js" --log "Arctis Headset OLED Battery Indicator wrapper" --grow 0.25 --wait 1 --maxrestarts 3 --abortonerror n --stopparentfirst undefined
2020-07-28 01:35:45 - Started 11980
2020-07-28 01:36:23 - Stopping arctisheadsetoledbatteryindicator.exe
2020-07-28 01:36:23 - ProcessKill 11980
2020-07-28 01:36:23 - Found child process: 3100 Name: conhost.exe
2020-07-28 01:36:23 - Found child process: 2676 Name: node.exe
2020-07-28 01:36:23 - Stopping process 3100
2020-07-28 01:36:23 - Send SIGINT 3100
2020-07-28 01:36:23 - SIGINT to 3100 failed - Killing as fallback
2020-07-28 01:36:23 - Stopping process 2676
2020-07-28 01:36:23 - Send SIGINT 2676
2020-07-28 01:36:23 - SIGINT to 2676 failed - Killing as fallback
2020-07-28 01:36:23 - Stopping process 11980
2020-07-28 01:36:23 - Send SIGINT 11980
2020-07-28 01:36:23 - SIGINT to 11980 failed - Killing as fallback
2020-07-28 01:36:23 - Finished arctisheadsetoledbatteryindicator.exe
2020-07-28 01:40:09 - Starting C:\Program Files\nodejs\node.exe  --harmony "D:\Programming Projects\arctis-battery-oled\node_modules\node-windows\lib\wrapper.js" --file "D:\Programming Projects\arctis-battery-oled\Main.js" --log "Arctis Headset OLED Battery Indicator wrapper" --grow 0.25 --wait 1 --maxrestarts 3 --abortonerror n --stopparentfirst undefined
2020-07-28 01:40:09 - Started 15068
2020-07-28 01:46:31 - Stopping arctisheadsetoledbatteryindicator.exe
2020-07-28 01:46:31 - ProcessKill 15068
2020-07-28 01:46:31 - Found child process: 15088 Name: conhost.exe
2020-07-28 01:46:31 - Found child process: 15184 Name: node.exe
2020-07-28 01:46:31 - Stopping process 15088
2020-07-28 01:46:31 - Send SIGINT 15088
2020-07-28 01:46:31 - SIGINT to 15088 failed - Killing as fallback
2020-07-28 01:46:31 - Stopping process 15184
2020-07-28 01:46:31 - Send SIGINT 15184
2020-07-28 01:46:31 - SIGINT to 15184 failed - Killing as fallback
2020-07-28 01:46:31 - Stopping process 15068
2020-07-28 01:46:31 - Send SIGINT 15068
2020-07-28 01:46:31 - SIGINT to 15068 failed - Killing as fallback
2020-07-28 01:46:31 - Finished arctisheadsetoledbatteryindicator.exe
2020-07-28 01:46:36 - Starting C:\Program Files\nodejs\node.exe  --harmony "D:\Programming Projects\arctis-battery-oled\node_modules\node-windows\lib\wrapper.js" --file "D:\Programming Projects\arctis-battery-oled\Main.js" --log "Arctis Headset OLED Battery Indicator wrapper" --grow 0.25 --wait 1 --maxrestarts 3 --abortonerror n --stopparentfirst undefined
2020-07-28 01:46:36 - Started 2732
2020-07-28 01:59:46 - Stopping arctisheadsetoledbatteryindicator.exe
2020-07-28 01:59:46 - ProcessKill 2732
2020-07-28 01:59:46 - Found child process: 3516 Name: conhost.exe
2020-07-28 01:59:46 - Found child process: 2580 Name: node.exe
2020-07-28 01:59:46 - Stopping process 3516
2020-07-28 01:59:46 - Send SIGINT 3516
2020-07-28 01:59:46 - SIGINT to 3516 failed - Killing as fallback
2020-07-28 01:59:46 - Stopping process 2580
2020-07-28 01:59:46 - Send SIGINT 2580
2020-07-28 01:59:46 - SIGINT to 2580 failed - Killing as fallback
2020-07-28 01:59:46 - Stopping process 2732
2020-07-28 01:59:46 - Send SIGINT 2732
2020-07-28 01:59:46 - SIGINT to 2732 failed - Killing as fallback
2020-07-28 01:59:46 - Finished arctisheadsetoledbatteryindicator.exe
2020-07-28 02:52:51 - Starting C:\Program Files\nodejs\node.exe  --harmony "D:\Programming Projects\arctis-battery-oled\node_modules\node-windows\lib\wrapper.js" --file "D:\Programming Projects\arctis-battery-oled\Main.js" --log "Arctis Headset OLED Battery Indicator wrapper" --grow 0.25 --wait 1 --maxrestarts 3 --abortonerror n --stopparentfirst undefined
2020-07-28 02:52:51 - Started 12236
2020-07-28 03:22:35 - Stopping arctisheadsetoledbatteryindicator.exe
2020-07-28 03:22:35 - ProcessKill 12236
2020-07-28 03:22:35 - Found child process: 944 Name: conhost.exe
2020-07-28 03:22:35 - Found child process: 11860 Name: node.exe
2020-07-28 03:22:35 - Stopping process 944
2020-07-28 03:22:35 - Send SIGINT 944
2020-07-28 03:22:35 - SIGINT to 944 failed - Killing as fallback
2020-07-28 03:22:35 - Stopping process 11860
2020-07-28 03:22:35 - Send SIGINT 11860
2020-07-28 03:22:35 - SIGINT to 11860 failed - Killing as fallback
2020-07-28 03:22:35 - Stopping process 12236
2020-07-28 03:22:35 - Send SIGINT 12236
2020-07-28 03:22:35 - SIGINT to 12236 failed - Killing as fallback
2020-07-28 03:22:35 - Finished arctisheadsetoledbatteryindicator.exe
2020-07-28 03:22:36 - Starting C:\Program Files\nodejs\node.exe  --harmony "D:\Programming Projects\arctis-battery-oled\node_modules\node-windows\lib\wrapper.js" --file "D:\Programming Projects\arctis-battery-oled\Main.js" --log "Arctis Headset OLED Battery Indicator wrapper" --grow 0.25 --wait 1 --maxrestarts 3 --abortonerror n --stopparentfirst undefined
2020-07-28 03:22:36 - Started 5848
2020-07-28 03:41:28 - Starting C:\Program Files\nodejs\node.exe  --harmony "D:\Programming Projects\arctis-battery-oled\node_modules\node-windows\lib\wrapper.js" --file "D:\Programming Projects\arctis-battery-oled\Main.js" --log "Arctis Headset OLED Battery Indicator wrapper" --grow 0.25 --wait 1 --maxrestarts 3 --abortonerror n --stopparentfirst undefined
2020-07-28 03:41:28 - Started 7428
2020-07-28 03:42:37 - Starting C:\Program Files\nodejs\node.exe  --harmony "D:\Programming Projects\arctis-battery-oled\node_modules\node-windows\lib\wrapper.js" --file "D:\Programming Projects\arctis-battery-oled\Main.js" --log "Arctis Headset OLED Battery Indicator wrapper" --grow 0.25 --wait 1 --maxrestarts 3 --abortonerror n --stopparentfirst undefined
2020-07-28 03:42:37 - Started 7836
2020-07-28 13:11:15 - Stopping arctisheadsetoledbatteryindicator.exe
2020-07-28 13:11:15 - ProcessKill 7836
2020-07-28 13:11:15 - Found child process: 7808 Name: conhost.exe
2020-07-28 13:11:15 - Found child process: 14280 Name: node.exe
2020-07-28 13:11:15 - Stopping process 7808
2020-07-28 13:11:15 - Send SIGINT 7808
2020-07-28 13:11:15 - SIGINT to 7808 failed - Killing as fallback
2020-07-28 13:11:15 - Stopping process 14280
2020-07-28 13:11:15 - Send SIGINT 14280
2020-07-28 13:11:15 - SIGINT to 14280 failed - Killing as fallback
2020-07-28 13:11:15 - Stopping process 7836
2020-07-28 13:11:15 - Send SIGINT 7836
2020-07-28 13:11:15 - SIGINT to 7836 failed - Killing as fallback
2020-07-28 13:11:15 - Finished arctisheadsetoledbatteryindicator.exe
2020-07-28 13:11:16 - Starting C:\Program Files\nodejs\node.exe  --harmony "D:\Programming Projects\arctis-battery-oled\node_modules\node-windows\lib\wrapper.js" --file "D:\Programming Projects\arctis-battery-oled\Main.js" --log "Arctis Headset OLED Battery Indicator wrapper" --grow 0.25 --wait 1 --maxrestarts 3 --abortonerror n --stopparentfirst undefined
2020-07-28 13:11:16 - Started 8776
2020-07-29 15:15:27 - Starting C:\Program Files\nodejs\node.exe  --harmony "D:\Programming Projects\arctis-battery-oled\node_modules\node-windows\lib\wrapper.js" --file "D:\Programming Projects\arctis-battery-oled\Main.js" --log "Arctis Headset OLED Battery Indicator wrapper" --grow 0.25 --wait 1 --maxrestarts 3 --abortonerror n --stopparentfirst undefined
2020-07-29 15:15:27 - Started 7036
2020-07-29 15:16:36 - Starting C:\Program Files\nodejs\node.exe  --harmony "D:\Programming Projects\arctis-battery-oled\node_modules\node-windows\lib\wrapper.js" --file "D:\Programming Projects\arctis-battery-oled\Main.js" --log "Arctis Headset OLED Battery Indicator wrapper" --grow 0.25 --wait 1 --maxrestarts 3 --abortonerror n --stopparentfirst undefined
2020-07-29 15:16:36 - Started 8288
2020-07-29 15:26:29 - Starting C:\Program Files\nodejs\node.exe  --harmony "D:\Programming Projects\arctis-battery-oled\node_modules\node-windows\lib\wrapper.js" --file "D:\Programming Projects\arctis-battery-oled\Main.js" --log "Arctis Headset OLED Battery Indicator wrapper" --grow 0.25 --wait 1 --maxrestarts 3 --abortonerror n --stopparentfirst undefined
2020-07-29 15:26:29 - Started 6492
2020-07-29 15:27:38 - Starting C:\Program Files\nodejs\node.exe  --harmony "D:\Programming Projects\arctis-battery-oled\node_modules\node-windows\lib\wrapper.js" --file "D:\Programming Projects\arctis-battery-oled\Main.js" --log "Arctis Headset OLED Battery Indicator wrapper" --grow 0.25 --wait 1 --maxrestarts 3 --abortonerror n --stopparentfirst undefined
2020-07-29 15:27:38 - Started 11432
2020-07-29 20:17:06 - Stopping arctisheadsetoledbatteryindicator.exe
2020-07-29 20:17:06 - ProcessKill 11432
2020-07-29 20:17:06 - Found child process: 11400 Name: conhost.exe
2020-07-29 20:17:06 - Found child process: 11764 Name: node.exe
2020-07-29 20:17:06 - Stopping process 11400
2020-07-29 20:17:06 - Send SIGINT 11400
2020-07-29 20:17:06 - SIGINT to 11400 failed - Killing as fallback
2020-07-29 20:17:06 - Stopping process 11764
2020-07-29 20:17:06 - Send SIGINT 11764
2020-07-29 20:17:06 - SIGINT to 11764 failed - Killing as fallback
2020-07-29 20:17:06 - Stopping process 11432
2020-07-29 20:17:06 - Send SIGINT 11432
2020-07-29 20:17:06 - SIGINT to 11432 failed - Killing as fallback
2020-07-29 20:17:06 - Finished arctisheadsetoledbatteryindicator.exe
2020-07-29 20:17:08 - Starting C:\Program Files\nodejs\node.exe  --harmony "D:\Programming Projects\arctis-battery-oled\node_modules\node-windows\lib\wrapper.js" --file "D:\Programming Projects\arctis-battery-oled\Main.js" --log "Arctis Headset OLED Battery Indicator wrapper" --grow 0.25 --wait 1 --maxrestarts 3 --abortonerror n --stopparentfirst undefined
2020-07-29 20:17:08 - Started 4392
2020-07-30 06:36:56 - Stopping arctisheadsetoledbatteryindicator.exe
2020-07-30 06:36:56 - ProcessKill 4392
2020-07-30 06:36:56 - Found child process: 10292 Name: conhost.exe
2020-07-30 06:36:56 - Found child process: 5972 Name: node.exe
2020-07-30 06:36:56 - Stopping process 10292
2020-07-30 06:36:56 - Send SIGINT 10292
2020-07-30 06:36:56 - SIGINT to 10292 failed - Killing as fallback
2020-07-30 06:36:56 - Stopping process 5972
2020-07-30 06:36:56 - Send SIGINT 5972
2020-07-30 06:36:56 - SIGINT to 5972 failed - Killing as fallback
2020-07-30 06:36:56 - Stopping process 4392
2020-07-30 06:36:56 - Send SIGINT 4392
2020-07-30 06:36:56 - SIGINT to 4392 failed - Killing as fallback
2020-07-30 06:36:56 - Finished arctisheadsetoledbatteryindicator.exe
2020-07-30 06:36:57 - Starting C:\Program Files\nodejs\node.exe  --harmony "D:\Programming Projects\arctis-battery-oled\node_modules\node-windows\lib\wrapper.js" --file "D:\Programming Projects\arctis-battery-oled\Main.js" --log "Arctis Headset OLED Battery Indicator wrapper" --grow 0.25 --wait 1 --maxrestarts 3 --abortonerror n --stopparentfirst undefined
2020-07-30 06:36:57 - Started 292
2020-07-31 01:37:04 - Starting C:\Program Files\nodejs\node.exe  --harmony "D:\Programming Projects\arctis-battery-oled\node_modules\node-windows\lib\wrapper.js" --file "D:\Programming Projects\arctis-battery-oled\Main.js" --log "Arctis Headset OLED Battery Indicator wrapper" --grow 0.25 --wait 1 --maxrestarts 3 --abortonerror n --stopparentfirst undefined
2020-07-31 01:37:04 - Started 6880
2020-07-31 01:38:14 - Starting C:\Program Files\nodejs\node.exe  --harmony "D:\Programming Projects\arctis-battery-oled\node_modules\node-windows\lib\wrapper.js" --file "D:\Programming Projects\arctis-battery-oled\Main.js" --log "Arctis Headset OLED Battery Indicator wrapper" --grow 0.25 --wait 1 --maxrestarts 3 --abortonerror n --stopparentfirst undefined
2020-07-31 01:38:14 - Started 8272
2020-07-31 01:39:23 - Starting C:\Program Files\nodejs\node.exe  --harmony "D:\Programming Projects\arctis-battery-oled\node_modules\node-windows\lib\wrapper.js" --file "D:\Programming Projects\arctis-battery-oled\Main.js" --log "Arctis Headset OLED Battery Indicator wrapper" --grow 0.25 --wait 1 --maxrestarts 3 --abortonerror n --stopparentfirst undefined
2020-07-31 01:39:23 - Started 948
2020-07-31 01:40:32 - Starting C:\Program Files\nodejs\node.exe  --harmony "D:\Programming Projects\arctis-battery-oled\node_modules\node-windows\lib\wrapper.js" --file "D:\Programming Projects\arctis-battery-oled\Main.js" --log "Arctis Headset OLED Battery Indicator wrapper" --grow 0.25 --wait 1 --maxrestarts 3 --abortonerror n --stopparentfirst undefined
2020-07-31 01:40:32 - Started 2600
2020-07-31 01:41:41 - Starting C:\Program Files\nodejs\node.exe  --harmony "D:\Programming Projects\arctis-battery-oled\node_modules\node-windows\lib\wrapper.js" --file "D:\Programming Projects\arctis-battery-oled\Main.js" --log "Arctis Headset OLED Battery Indicator wrapper" --grow 0.25 --wait 1 --maxrestarts 3 --abortonerror n --stopparentfirst undefined
2020-07-31 01:41:41 - Started 4336
2020-07-31 01:42:50 - Starting C:\Program Files\nodejs\node.exe  --harmony "D:\Programming Projects\arctis-battery-oled\node_modules\node-windows\lib\wrapper.js" --file "D:\Programming Projects\arctis-battery-oled\Main.js" --log "Arctis Headset OLED Battery Indicator wrapper" --grow 0.25 --wait 1 --maxrestarts 3 --abortonerror n --stopparentfirst undefined
2020-07-31 01:42:50 - Started 4564
2020-07-31 01:43:59 - Starting C:\Program Files\nodejs\node.exe  --harmony "D:\Programming Projects\arctis-battery-oled\node_modules\node-windows\lib\wrapper.js" --file "D:\Programming Projects\arctis-battery-oled\Main.js" --log "Arctis Headset OLED Battery Indicator wrapper" --grow 0.25 --wait 1 --maxrestarts 3 --abortonerror n --stopparentfirst undefined
2020-07-31 01:43:59 - Started 1860
2020-07-31 01:45:08 - Starting C:\Program Files\nodejs\node.exe  --harmony "D:\Programming Projects\arctis-battery-oled\node_modules\node-windows\lib\wrapper.js" --file "D:\Programming Projects\arctis-battery-oled\Main.js" --log "Arctis Headset OLED Battery Indicator wrapper" --grow 0.25 --wait 1 --maxrestarts 3 --abortonerror n --stopparentfirst undefined
2020-07-31 01:45:08 - Started 1104
2020-07-31 01:46:17 - Starting C:\Program Files\nodejs\node.exe  --harmony "D:\Programming Projects\arctis-battery-oled\node_modules\node-windows\lib\wrapper.js" --file "D:\Programming Projects\arctis-battery-oled\Main.js" --log "Arctis Headset OLED Battery Indicator wrapper" --grow 0.25 --wait 1 --maxrestarts 3 --abortonerror n --stopparentfirst undefined
2020-07-31 01:46:17 - Started 3700
2020-07-31 01:47:27 - Starting C:\Program Files\nodejs\node.exe  --harmony "D:\Programming Projects\arctis-battery-oled\node_modules\node-windows\lib\wrapper.js" --file "D:\Programming Projects\arctis-battery-oled\Main.js" --log "Arctis Headset OLED Battery Indicator wrapper" --grow 0.25 --wait 1 --maxrestarts 3 --abortonerror n --stopparentfirst undefined
2020-07-31 01:47:27 - Started 8700
2020-07-31 01:48:36 - Starting C:\Program Files\nodejs\node.exe  --harmony "D:\Programming Projects\arctis-battery-oled\node_modules\node-windows\lib\wrapper.js" --file "D:\Programming Projects\arctis-battery-oled\Main.js" --log "Arctis Headset OLED Battery Indicator wrapper" --grow 0.25 --wait 1 --maxrestarts 3 --abortonerror n --stopparentfirst undefined
2020-07-31 01:48:36 - Started 5960
2020-07-31 01:49:45 - Starting C:\Program Files\nodejs\node.exe  --harmony "D:\Programming Projects\arctis-battery-oled\node_modules\node-windows\lib\wrapper.js" --file "D:\Programming Projects\arctis-battery-oled\Main.js" --log "Arctis Headset OLED Battery Indicator wrapper" --grow 0.25 --wait 1 --maxrestarts 3 --abortonerror n --stopparentfirst undefined
2020-07-31 01:49:45 - Started 3616
2020-07-31 01:50:54 - Starting C:\Program Files\nodejs\node.exe  --harmony "D:\Programming Projects\arctis-battery-oled\node_modules\node-windows\lib\wrapper.js" --file "D:\Programming Projects\arctis-battery-oled\Main.js" --log "Arctis Headset OLED Battery Indicator wrapper" --grow 0.25 --wait 1 --maxrestarts 3 --abortonerror n --stopparentfirst undefined
2020-07-31 01:50:55 - Started 6100
2020-07-31 01:52:04 - Starting C:\Program Files\nodejs\node.exe  --harmony "D:\Programming Projects\arctis-battery-oled\node_modules\node-windows\lib\wrapper.js" --file "D:\Programming Projects\arctis-battery-oled\Main.js" --log "Arctis Headset OLED Battery Indicator wrapper" --grow 0.25 --wait 1 --maxrestarts 3 --abortonerror n --stopparentfirst undefined
2020-07-31 01:52:04 - Started 11080
2020-07-31 01:53:13 - Starting C:\Program Files\nodejs\node.exe  --harmony "D:\Programming Projects\arctis-battery-oled\node_modules\node-windows\lib\wrapper.js" --file "D:\Programming Projects\arctis-battery-oled\Main.js" --log "Arctis Headset OLED Battery Indicator wrapper" --grow 0.25 --wait 1 --maxrestarts 3 --abortonerror n --stopparentfirst undefined
2020-07-31 01:53:13 - Started 8476
2020-08-02 01:54:45 - Stopping arctisheadsetoledbatteryindicator.exe
2020-08-02 01:54:45 - ProcessKill 8476
2020-08-02 01:54:45 - Found child process: 3408 Name: conhost.exe
2020-08-02 01:54:45 - Found child process: 12144 Name: node.exe
2020-08-02 01:54:45 - Stopping process 3408
2020-08-02 01:54:46 - Send SIGINT 3408
2020-08-02 01:54:46 - SIGINT to 3408 failed - Killing as fallback
2020-08-02 01:54:46 - Stopping process 12144
2020-08-02 01:54:46 - Send SIGINT 12144
2020-08-02 01:54:46 - SIGINT to 12144 failed - Killing as fallback
2020-08-02 01:54:46 - Stopping process 8476
2020-08-02 01:54:46 - Send SIGINT 8476
2020-08-02 01:54:46 - SIGINT to 8476 failed - Killing as fallback
2020-08-02 01:54:46 - Finished arctisheadsetoledbatteryindicator.exe
