events.js:292
      throw er; // Unhandled 'error' event
      ^

Error: connect ECONNREFUSED 127.0.0.1:59151
    at TCPConnectWrap.afterConnect [as oncomplete] (net.js:1141:16)
Emitted 'error' event on ClientRequest instance at:
    at Socket.socketErrorListener (_http_client.js:426:9)
    at Socket.emit (events.js:315:20)
    at emitErrorNT (internal/streams/destroy.js:92:8)
    at emitErrorAndCloseNT (internal/streams/destroy.js:60:3)
    at processTicksAndRejections (internal/process/task_queues.js:84:21) {
  errno: 'ECONNREFUSED',
  code: 'ECONNREFUSED',
  syscall: 'connect',
  address: '127.0.0.1',
  port: 59151
}
events.js:292
      throw er; // Unhandled 'error' event
      ^

Error: connect ECONNREFUSED 127.0.0.1:59151
    at TCPConnectWrap.afterConnect [as oncomplete] (net.js:1141:16)
Emitted 'error' event on ClientRequest instance at:
    at Socket.socketErrorListener (_http_client.js:426:9)
    at Socket.emit (events.js:315:20)
    at emitErrorNT (internal/streams/destroy.js:92:8)
    at emitErrorAndCloseNT (internal/streams/destroy.js:60:3)
    at processTicksAndRejections (internal/process/task_queues.js:84:21) {
  errno: 'ECONNREFUSED',
  code: 'ECONNREFUSED',
  syscall: 'connect',
  address: '127.0.0.1',
  port: 59151
}
events.js:292
      throw er; // Unhandled 'error' event
      ^

Error: connect ECONNREFUSED 127.0.0.1:59151
    at TCPConnectWrap.afterConnect [as oncomplete] (net.js:1141:16)
Emitted 'error' event on ClientRequest instance at:
    at Socket.socketErrorListener (_http_client.js:426:9)
    at Socket.emit (events.js:315:20)
    at emitErrorNT (internal/streams/destroy.js:92:8)
    at emitErrorAndCloseNT (internal/streams/destroy.js:60:3)
    at processTicksAndRejections (internal/process/task_queues.js:84:21) {
  errno: 'ECONNREFUSED',
  code: 'ECONNREFUSED',
  syscall: 'connect',
  address: '127.0.0.1',
  port: 59151
}
events.js:292
      throw er; // Unhandled 'error' event
      ^

Error: connect ECONNREFUSED 127.0.0.1:59151
    at TCPConnectWrap.afterConnect [as oncomplete] (net.js:1141:16)
Emitted 'error' event on ClientRequest instance at:
    at Socket.socketErrorListener (_http_client.js:426:9)
    at Socket.emit (events.js:315:20)
    at emitErrorNT (internal/streams/destroy.js:92:8)
    at emitErrorAndCloseNT (internal/streams/destroy.js:60:3)
    at processTicksAndRejections (internal/process/task_queues.js:84:21) {
  errno: 'ECONNREFUSED',
  code: 'ECONNREFUSED',
  syscall: 'connect',
  address: '127.0.0.1',
  port: 59151
}
D:\Programming Projects\arctis-battery-oled\node_modules\node-windows\lib\wrapper.js:177
    child.send('shutdown');
          ^

TypeError: Cannot read property 'send' of null
    at process.killkid (D:\Programming Projects\arctis-battery-oled\node_modules\node-windows\lib\wrapper.js:177:11)
    at process.emit (events.js:315:20)
    at process.exit (internal/process/per_thread.js:167:15)
    at monitor (D:\Programming Projects\arctis-battery-oled\node_modules\node-windows\lib\wrapper.js:99:17)
    at ChildProcess.<anonymous> (D:\Programming Projects\arctis-battery-oled\node_modules\node-windows\lib\wrapper.js:170:5)
    at ChildProcess.emit (events.js:315:20)
    at Process.ChildProcess._handle.onexit (internal/child_process.js:275:12)
events.js:292
      throw er; // Unhandled 'error' event
      ^

Error: connect ECONNREFUSED 127.0.0.1:59151
    at TCPConnectWrap.afterConnect [as oncomplete] (net.js:1141:16)
Emitted 'error' event on ClientRequest instance at:
    at Socket.socketErrorListener (_http_client.js:426:9)
    at Socket.emit (events.js:315:20)
    at emitErrorNT (internal/streams/destroy.js:92:8)
    at emitErrorAndCloseNT (internal/streams/destroy.js:60:3)
    at processTicksAndRejections (internal/process/task_queues.js:84:21) {
  errno: 'ECONNREFUSED',
  code: 'ECONNREFUSED',
  syscall: 'connect',
  address: '127.0.0.1',
  port: 59151
}
events.js:292
      throw er; // Unhandled 'error' event
      ^

Error: connect ECONNREFUSED 127.0.0.1:59151
    at TCPConnectWrap.afterConnect [as oncomplete] (net.js:1141:16)
Emitted 'error' event on ClientRequest instance at:
    at Socket.socketErrorListener (_http_client.js:426:9)
    at Socket.emit (events.js:315:20)
    at emitErrorNT (internal/streams/destroy.js:92:8)
    at emitErrorAndCloseNT (internal/streams/destroy.js:60:3)
    at processTicksAndRejections (internal/process/task_queues.js:84:21) {
  errno: 'ECONNREFUSED',
  code: 'ECONNREFUSED',
  syscall: 'connect',
  address: '127.0.0.1',
  port: 59151
}
events.js:292
      throw er; // Unhandled 'error' event
      ^

Error: connect ECONNREFUSED 127.0.0.1:59151
    at TCPConnectWrap.afterConnect [as oncomplete] (net.js:1141:16)
Emitted 'error' event on ClientRequest instance at:
    at Socket.socketErrorListener (_http_client.js:426:9)
    at Socket.emit (events.js:315:20)
    at emitErrorNT (internal/streams/destroy.js:92:8)
    at emitErrorAndCloseNT (internal/streams/destroy.js:60:3)
    at processTicksAndRejections (internal/process/task_queues.js:84:21) {
  errno: 'ECONNREFUSED',
  code: 'ECONNREFUSED',
  syscall: 'connect',
  address: '127.0.0.1',
  port: 59151
}
D:\Programming Projects\arctis-battery-oled\node_modules\node-windows\lib\wrapper.js:177
    child.send('shutdown');
          ^

TypeError: Cannot read property 'send' of null
    at process.killkid (D:\Programming Projects\arctis-battery-oled\node_modules\node-windows\lib\wrapper.js:177:11)
    at process.emit (events.js:315:20)
    at process.exit (internal/process/per_thread.js:167:15)
    at monitor (D:\Programming Projects\arctis-battery-oled\node_modules\node-windows\lib\wrapper.js:99:17)
    at ChildProcess.<anonymous> (D:\Programming Projects\arctis-battery-oled\node_modules\node-windows\lib\wrapper.js:170:5)
    at ChildProcess.emit (events.js:315:20)
    at Process.ChildProcess._handle.onexit (internal/child_process.js:275:12)
events.js:292
      throw er; // Unhandled 'error' event
      ^

Error: connect ECONNREFUSED 127.0.0.1:49860
    at TCPConnectWrap.afterConnect [as oncomplete] (net.js:1141:16)
Emitted 'error' event on ClientRequest instance at:
    at Socket.socketErrorListener (_http_client.js:426:9)
    at Socket.emit (events.js:315:20)
    at emitErrorNT (internal/streams/destroy.js:92:8)
    at emitErrorAndCloseNT (internal/streams/destroy.js:60:3)
    at processTicksAndRejections (internal/process/task_queues.js:84:21) {
  errno: 'ECONNREFUSED',
  code: 'ECONNREFUSED',
  syscall: 'connect',
  address: '127.0.0.1',
  port: 49860
}
events.js:292
      throw er; // Unhandled 'error' event
      ^

Error: connect ECONNREFUSED 127.0.0.1:49860
    at TCPConnectWrap.afterConnect [as oncomplete] (net.js:1141:16)
Emitted 'error' event on ClientRequest instance at:
    at Socket.socketErrorListener (_http_client.js:426:9)
    at Socket.emit (events.js:315:20)
    at emitErrorNT (internal/streams/destroy.js:92:8)
    at emitErrorAndCloseNT (internal/streams/destroy.js:60:3)
    at processTicksAndRejections (internal/process/task_queues.js:84:21) {
  errno: 'ECONNREFUSED',
  code: 'ECONNREFUSED',
  syscall: 'connect',
  address: '127.0.0.1',
  port: 49860
}
events.js:292
      throw er; // Unhandled 'error' event
      ^

Error: connect ECONNREFUSED 127.0.0.1:49860
    at TCPConnectWrap.afterConnect [as oncomplete] (net.js:1141:16)
Emitted 'error' event on ClientRequest instance at:
    at Socket.socketErrorListener (_http_client.js:426:9)
    at Socket.emit (events.js:315:20)
    at emitErrorNT (internal/streams/destroy.js:92:8)
    at emitErrorAndCloseNT (internal/streams/destroy.js:60:3)
    at processTicksAndRejections (internal/process/task_queues.js:84:21) {
  errno: 'ECONNREFUSED',
  code: 'ECONNREFUSED',
  syscall: 'connect',
  address: '127.0.0.1',
  port: 49860
}
events.js:292
      throw er; // Unhandled 'error' event
      ^

Error: connect ECONNREFUSED 127.0.0.1:49860
    at TCPConnectWrap.afterConnect [as oncomplete] (net.js:1141:16)
Emitted 'error' event on ClientRequest instance at:
    at Socket.socketErrorListener (_http_client.js:426:9)
    at Socket.emit (events.js:315:20)
    at emitErrorNT (internal/streams/destroy.js:92:8)
    at emitErrorAndCloseNT (internal/streams/destroy.js:60:3)
    at processTicksAndRejections (internal/process/task_queues.js:84:21) {
  errno: 'ECONNREFUSED',
  code: 'ECONNREFUSED',
  syscall: 'connect',
  address: '127.0.0.1',
  port: 49860
}
D:\Programming Projects\arctis-battery-oled\node_modules\node-windows\lib\wrapper.js:177
    child.send('shutdown');
          ^

TypeError: Cannot read property 'send' of null
    at process.killkid (D:\Programming Projects\arctis-battery-oled\node_modules\node-windows\lib\wrapper.js:177:11)
    at process.emit (events.js:315:20)
    at process.exit (internal/process/per_thread.js:167:15)
    at monitor (D:\Programming Projects\arctis-battery-oled\node_modules\node-windows\lib\wrapper.js:99:17)
    at ChildProcess.<anonymous> (D:\Programming Projects\arctis-battery-oled\node_modules\node-windows\lib\wrapper.js:170:5)
    at ChildProcess.emit (events.js:315:20)
    at Process.ChildProcess._handle.onexit (internal/child_process.js:275:12)
events.js:292
      throw er; // Unhandled 'error' event
      ^

Error: connect ECONNREFUSED 127.0.0.1:49828
    at TCPConnectWrap.afterConnect [as oncomplete] (net.js:1141:16)
Emitted 'error' event on ClientRequest instance at:
    at Socket.socketErrorListener (_http_client.js:426:9)
    at Socket.emit (events.js:315:20)
    at emitErrorNT (internal/streams/destroy.js:92:8)
    at emitErrorAndCloseNT (internal/streams/destroy.js:60:3)
    at processTicksAndRejections (internal/process/task_queues.js:84:21) {
  errno: 'ECONNREFUSED',
  code: 'ECONNREFUSED',
  syscall: 'connect',
  address: '127.0.0.1',
  port: 49828
}
events.js:292
      throw er; // Unhandled 'error' event
      ^

Error: connect ECONNREFUSED 127.0.0.1:49828
    at TCPConnectWrap.afterConnect [as oncomplete] (net.js:1141:16)
Emitted 'error' event on ClientRequest instance at:
    at Socket.socketErrorListener (_http_client.js:426:9)
    at Socket.emit (events.js:315:20)
    at emitErrorNT (internal/streams/destroy.js:92:8)
    at emitErrorAndCloseNT (internal/streams/destroy.js:60:3)
    at processTicksAndRejections (internal/process/task_queues.js:84:21) {
  errno: 'ECONNREFUSED',
  code: 'ECONNREFUSED',
  syscall: 'connect',
  address: '127.0.0.1',
  port: 49828
}
events.js:292
      throw er; // Unhandled 'error' event
      ^

Error: connect ECONNREFUSED 127.0.0.1:49828
    at TCPConnectWrap.afterConnect [as oncomplete] (net.js:1141:16)
Emitted 'error' event on ClientRequest instance at:
    at Socket.socketErrorListener (_http_client.js:426:9)
    at Socket.emit (events.js:315:20)
    at emitErrorNT (internal/streams/destroy.js:92:8)
    at emitErrorAndCloseNT (internal/streams/destroy.js:60:3)
    at processTicksAndRejections (internal/process/task_queues.js:84:21) {
  errno: 'ECONNREFUSED',
  code: 'ECONNREFUSED',
  syscall: 'connect',
  address: '127.0.0.1',
  port: 49828
}
events.js:292
      throw er; // Unhandled 'error' event
      ^

Error: connect ECONNREFUSED 127.0.0.1:49828
    at TCPConnectWrap.afterConnect [as oncomplete] (net.js:1141:16)
Emitted 'error' event on ClientRequest instance at:
    at Socket.socketErrorListener (_http_client.js:426:9)
    at Socket.emit (events.js:315:20)
    at emitErrorNT (internal/streams/destroy.js:92:8)
    at emitErrorAndCloseNT (internal/streams/destroy.js:60:3)
    at processTicksAndRejections (internal/process/task_queues.js:84:21) {
  errno: 'ECONNREFUSED',
  code: 'ECONNREFUSED',
  syscall: 'connect',
  address: '127.0.0.1',
  port: 49828
}
events.js:292
      throw er; // Unhandled 'error' event
      ^

Error: connect ECONNREFUSED 127.0.0.1:49828
    at TCPConnectWrap.afterConnect [as oncomplete] (net.js:1141:16)
Emitted 'error' event on ClientRequest instance at:
    at Socket.socketErrorListener (_http_client.js:426:9)
    at Socket.emit (events.js:315:20)
    at emitErrorNT (internal/streams/destroy.js:92:8)
    at emitErrorAndCloseNT (internal/streams/destroy.js:60:3)
    at processTicksAndRejections (internal/process/task_queues.js:84:21) {
  errno: 'ECONNREFUSED',
  code: 'ECONNREFUSED',
  syscall: 'connect',
  address: '127.0.0.1',
  port: 49828
}
events.js:292
      throw er; // Unhandled 'error' event
      ^

Error: connect ECONNREFUSED 127.0.0.1:49828
    at TCPConnectWrap.afterConnect [as oncomplete] (net.js:1141:16)
Emitted 'error' event on ClientRequest instance at:
    at Socket.socketErrorListener (_http_client.js:426:9)
    at Socket.emit (events.js:315:20)
    at emitErrorNT (internal/streams/destroy.js:92:8)
    at emitErrorAndCloseNT (internal/streams/destroy.js:60:3)
    at processTicksAndRejections (internal/process/task_queues.js:84:21) {
  errno: 'ECONNREFUSED',
  code: 'ECONNREFUSED',
  syscall: 'connect',
  address: '127.0.0.1',
  port: 49828
}
D:\Programming Projects\arctis-battery-oled\node_modules\node-windows\lib\wrapper.js:177
    child.send('shutdown');
          ^

TypeError: Cannot read property 'send' of null
    at process.killkid (D:\Programming Projects\arctis-battery-oled\node_modules\node-windows\lib\wrapper.js:177:11)
    at process.emit (events.js:315:20)
    at process.exit (internal/process/per_thread.js:167:15)
    at monitor (D:\Programming Projects\arctis-battery-oled\node_modules\node-windows\lib\wrapper.js:99:17)
    at ChildProcess.<anonymous> (D:\Programming Projects\arctis-battery-oled\node_modules\node-windows\lib\wrapper.js:170:5)
    at ChildProcess.emit (events.js:315:20)
    at Process.ChildProcess._handle.onexit (internal/child_process.js:275:12)
events.js:292
      throw er; // Unhandled 'error' event
      ^

Error: connect ECONNREFUSED 127.0.0.1:49828
    at TCPConnectWrap.afterConnect [as oncomplete] (net.js:1141:16)
Emitted 'error' event on ClientRequest instance at:
    at Socket.socketErrorListener (_http_client.js:426:9)
    at Socket.emit (events.js:315:20)
    at emitErrorNT (internal/streams/destroy.js:92:8)
    at emitErrorAndCloseNT (internal/streams/destroy.js:60:3)
    at processTicksAndRejections (internal/process/task_queues.js:84:21) {
  errno: 'ECONNREFUSED',
  code: 'ECONNREFUSED',
  syscall: 'connect',
  address: '127.0.0.1',
  port: 49828
}
events.js:292
      throw er; // Unhandled 'error' event
      ^

Error: Parse Error: Expected HTTP/
    at Socket.socketOnData (_http_client.js:469:22)
    at Socket.emit (events.js:315:20)
    at addChunk (_stream_readable.js:295:12)
    at readableAddChunk (_stream_readable.js:271:9)
    at Socket.Readable.push (_stream_readable.js:212:10)
    at TCP.onStreamRead (internal/stream_base_commons.js:186:23)
Emitted 'error' event on ClientRequest instance at:
    at Socket.socketOnData (_http_client.js:476:9)
    at Socket.emit (events.js:315:20)
    [... lines matching original stack trace ...]
    at TCP.onStreamRead (internal/stream_base_commons.js:186:23) {
  bytesParsed: 0,
  code: 'HPE_INVALID_CONSTANT',
  reason: 'Expected HTTP/',
  rawPacket: <Buffer 50 4f 53 54 20 2f 67 61 6d 65 5f 65 76 65 6e 74 20 48 54 54 50 2f 31 2e 31 0d 0a 43 6f 6e 74 65 6e 74 2d 54 79 70 65 3a 20 61 70 70 6c 69 63 61 74 69 ... 219 more bytes>
}
events.js:292
      throw er; // Unhandled 'error' event
      ^

Error: connect ECONNREFUSED 127.0.0.1:49828
    at TCPConnectWrap.afterConnect [as oncomplete] (net.js:1141:16)
Emitted 'error' event on ClientRequest instance at:
    at Socket.socketErrorListener (_http_client.js:426:9)
    at Socket.emit (events.js:315:20)
    at emitErrorNT (internal/streams/destroy.js:92:8)
    at emitErrorAndCloseNT (internal/streams/destroy.js:60:3)
    at processTicksAndRejections (internal/process/task_queues.js:84:21) {
  errno: 'ECONNREFUSED',
  code: 'ECONNREFUSED',
  syscall: 'connect',
  address: '127.0.0.1',
  port: 49828
}
D:\Programming Projects\arctis-battery-oled\node_modules\node-windows\lib\wrapper.js:177
    child.send('shutdown');
          ^

TypeError: Cannot read property 'send' of null
    at process.killkid (D:\Programming Projects\arctis-battery-oled\node_modules\node-windows\lib\wrapper.js:177:11)
    at process.emit (events.js:315:20)
    at process.exit (internal/process/per_thread.js:167:15)
    at monitor (D:\Programming Projects\arctis-battery-oled\node_modules\node-windows\lib\wrapper.js:99:17)
    at ChildProcess.<anonymous> (D:\Programming Projects\arctis-battery-oled\node_modules\node-windows\lib\wrapper.js:170:5)
    at ChildProcess.emit (events.js:315:20)
    at Process.ChildProcess._handle.onexit (internal/child_process.js:275:12)
events.js:292
      throw er; // Unhandled 'error' event
      ^

Error: connect ECONNREFUSED 127.0.0.1:49855
    at TCPConnectWrap.afterConnect [as oncomplete] (net.js:1141:16)
Emitted 'error' event on ClientRequest instance at:
    at Socket.socketErrorListener (_http_client.js:426:9)
    at Socket.emit (events.js:315:20)
    at emitErrorNT (internal/streams/destroy.js:92:8)
    at emitErrorAndCloseNT (internal/streams/destroy.js:60:3)
    at processTicksAndRejections (internal/process/task_queues.js:84:21) {
  errno: 'ECONNREFUSED',
  code: 'ECONNREFUSED',
  syscall: 'connect',
  address: '127.0.0.1',
  port: 49855
}
events.js:292
      throw er; // Unhandled 'error' event
      ^

Error: connect ECONNREFUSED 127.0.0.1:49855
    at TCPConnectWrap.afterConnect [as oncomplete] (net.js:1141:16)
Emitted 'error' event on ClientRequest instance at:
    at Socket.socketErrorListener (_http_client.js:426:9)
    at Socket.emit (events.js:315:20)
    at emitErrorNT (internal/streams/destroy.js:92:8)
    at emitErrorAndCloseNT (internal/streams/destroy.js:60:3)
    at processTicksAndRejections (internal/process/task_queues.js:84:21) {
  errno: 'ECONNREFUSED',
  code: 'ECONNREFUSED',
  syscall: 'connect',
  address: '127.0.0.1',
  port: 49855
}
events.js:292
      throw er; // Unhandled 'error' event
      ^

Error: connect ECONNREFUSED 127.0.0.1:49855
    at TCPConnectWrap.afterConnect [as oncomplete] (net.js:1141:16)
Emitted 'error' event on ClientRequest instance at:
    at Socket.socketErrorListener (_http_client.js:426:9)
    at Socket.emit (events.js:315:20)
    at emitErrorNT (internal/streams/destroy.js:92:8)
    at emitErrorAndCloseNT (internal/streams/destroy.js:60:3)
    at processTicksAndRejections (internal/process/task_queues.js:84:21) {
  errno: 'ECONNREFUSED',
  code: 'ECONNREFUSED',
  syscall: 'connect',
  address: '127.0.0.1',
  port: 49855
}
events.js:292
      throw er; // Unhandled 'error' event
      ^

Error: connect ECONNREFUSED 127.0.0.1:49855
    at TCPConnectWrap.afterConnect [as oncomplete] (net.js:1141:16)
Emitted 'error' event on ClientRequest instance at:
    at Socket.socketErrorListener (_http_client.js:426:9)
    at Socket.emit (events.js:315:20)
    at emitErrorNT (internal/streams/destroy.js:92:8)
    at emitErrorAndCloseNT (internal/streams/destroy.js:60:3)
    at processTicksAndRejections (internal/process/task_queues.js:84:21) {
  errno: 'ECONNREFUSED',
  code: 'ECONNREFUSED',
  syscall: 'connect',
  address: '127.0.0.1',
  port: 49855
}
D:\Programming Projects\arctis-battery-oled\node_modules\node-windows\lib\wrapper.js:177
    child.send('shutdown');
          ^

TypeError: Cannot read property 'send' of null
    at process.killkid (D:\Programming Projects\arctis-battery-oled\node_modules\node-windows\lib\wrapper.js:177:11)
    at process.emit (events.js:315:20)
    at process.exit (internal/process/per_thread.js:167:15)
    at monitor (D:\Programming Projects\arctis-battery-oled\node_modules\node-windows\lib\wrapper.js:99:17)
    at ChildProcess.<anonymous> (D:\Programming Projects\arctis-battery-oled\node_modules\node-windows\lib\wrapper.js:170:5)
    at ChildProcess.emit (events.js:315:20)
    at Process.ChildProcess._handle.onexit (internal/child_process.js:275:12)
events.js:292
      throw er; // Unhandled 'error' event
      ^

Error: connect ECONNREFUSED 127.0.0.1:49855
    at TCPConnectWrap.afterConnect [as oncomplete] (net.js:1141:16)
Emitted 'error' event on ClientRequest instance at:
    at Socket.socketErrorListener (_http_client.js:426:9)
    at Socket.emit (events.js:315:20)
    at emitErrorNT (internal/streams/destroy.js:92:8)
    at emitErrorAndCloseNT (internal/streams/destroy.js:60:3)
    at processTicksAndRejections (internal/process/task_queues.js:84:21) {
  errno: 'ECONNREFUSED',
  code: 'ECONNREFUSED',
  syscall: 'connect',
  address: '127.0.0.1',
  port: 49855
}
events.js:292
      throw er; // Unhandled 'error' event
      ^

Error: connect ECONNREFUSED 127.0.0.1:49855
    at TCPConnectWrap.afterConnect [as oncomplete] (net.js:1141:16)
Emitted 'error' event on ClientRequest instance at:
    at Socket.socketErrorListener (_http_client.js:426:9)
    at Socket.emit (events.js:315:20)
    at emitErrorNT (internal/streams/destroy.js:92:8)
    at emitErrorAndCloseNT (internal/streams/destroy.js:60:3)
    at processTicksAndRejections (internal/process/task_queues.js:84:21) {
  errno: 'ECONNREFUSED',
  code: 'ECONNREFUSED',
  syscall: 'connect',
  address: '127.0.0.1',
  port: 49855
}
events.js:292
      throw er; // Unhandled 'error' event
      ^

Error: connect ECONNREFUSED 127.0.0.1:49855
    at TCPConnectWrap.afterConnect [as oncomplete] (net.js:1141:16)
Emitted 'error' event on ClientRequest instance at:
    at Socket.socketErrorListener (_http_client.js:426:9)
    at Socket.emit (events.js:315:20)
    at emitErrorNT (internal/streams/destroy.js:92:8)
    at emitErrorAndCloseNT (internal/streams/destroy.js:60:3)
    at processTicksAndRejections (internal/process/task_queues.js:84:21) {
  errno: 'ECONNREFUSED',
  code: 'ECONNREFUSED',
  syscall: 'connect',
  address: '127.0.0.1',
  port: 49855
}
events.js:292
      throw er; // Unhandled 'error' event
      ^

Error: connect ECONNREFUSED 127.0.0.1:49863
    at TCPConnectWrap.afterConnect [as oncomplete] (net.js:1141:16)
Emitted 'error' event on ClientRequest instance at:
    at Socket.socketErrorListener (_http_client.js:426:9)
    at Socket.emit (events.js:315:20)
    at emitErrorNT (internal/streams/destroy.js:92:8)
    at emitErrorAndCloseNT (internal/streams/destroy.js:60:3)
    at processTicksAndRejections (internal/process/task_queues.js:84:21) {
  errno: 'ECONNREFUSED',
  code: 'ECONNREFUSED',
  syscall: 'connect',
  address: '127.0.0.1',
  port: 49863
}
events.js:292
      throw er; // Unhandled 'error' event
      ^

Error: connect ECONNREFUSED 127.0.0.1:49863
    at TCPConnectWrap.afterConnect [as oncomplete] (net.js:1141:16)
Emitted 'error' event on ClientRequest instance at:
    at Socket.socketErrorListener (_http_client.js:426:9)
    at Socket.emit (events.js:315:20)
    at emitErrorNT (internal/streams/destroy.js:92:8)
    at emitErrorAndCloseNT (internal/streams/destroy.js:60:3)
    at processTicksAndRejections (internal/process/task_queues.js:84:21) {
  errno: 'ECONNREFUSED',
  code: 'ECONNREFUSED',
  syscall: 'connect',
  address: '127.0.0.1',
  port: 49863
}
events.js:292
      throw er; // Unhandled 'error' event
      ^

Error: connect ECONNREFUSED 127.0.0.1:49863
    at TCPConnectWrap.afterConnect [as oncomplete] (net.js:1141:16)
Emitted 'error' event on ClientRequest instance at:
    at Socket.socketErrorListener (_http_client.js:426:9)
    at Socket.emit (events.js:315:20)
    at emitErrorNT (internal/streams/destroy.js:92:8)
    at emitErrorAndCloseNT (internal/streams/destroy.js:60:3)
    at processTicksAndRejections (internal/process/task_queues.js:84:21) {
  errno: 'ECONNREFUSED',
  code: 'ECONNREFUSED',
  syscall: 'connect',
  address: '127.0.0.1',
  port: 49863
}
events.js:292
      throw er; // Unhandled 'error' event
      ^

Error: connect ECONNREFUSED 127.0.0.1:49863
    at TCPConnectWrap.afterConnect [as oncomplete] (net.js:1141:16)
Emitted 'error' event on ClientRequest instance at:
    at Socket.socketErrorListener (_http_client.js:426:9)
    at Socket.emit (events.js:315:20)
    at emitErrorNT (internal/streams/destroy.js:92:8)
    at emitErrorAndCloseNT (internal/streams/destroy.js:60:3)
    at processTicksAndRejections (internal/process/task_queues.js:84:21) {
  errno: 'ECONNREFUSED',
  code: 'ECONNREFUSED',
  syscall: 'connect',
  address: '127.0.0.1',
  port: 49863
}
events.js:292
      throw er; // Unhandled 'error' event
      ^

Error: connect ECONNREFUSED 127.0.0.1:49863
    at TCPConnectWrap.afterConnect [as oncomplete] (net.js:1141:16)
Emitted 'error' event on ClientRequest instance at:
    at Socket.socketErrorListener (_http_client.js:426:9)
    at Socket.emit (events.js:315:20)
    at emitErrorNT (internal/streams/destroy.js:92:8)
    at emitErrorAndCloseNT (internal/streams/destroy.js:60:3)
    at processTicksAndRejections (internal/process/task_queues.js:84:21) {
  errno: 'ECONNREFUSED',
  code: 'ECONNREFUSED',
  syscall: 'connect',
  address: '127.0.0.1',
  port: 49863
}
events.js:292
      throw er; // Unhandled 'error' event
      ^

Error: connect ECONNREFUSED 127.0.0.1:49863
    at TCPConnectWrap.afterConnect [as oncomplete] (net.js:1141:16)
Emitted 'error' event on ClientRequest instance at:
    at Socket.socketErrorListener (_http_client.js:426:9)
    at Socket.emit (events.js:315:20)
    at emitErrorNT (internal/streams/destroy.js:92:8)
    at emitErrorAndCloseNT (internal/streams/destroy.js:60:3)
    at processTicksAndRejections (internal/process/task_queues.js:84:21) {
  errno: 'ECONNREFUSED',
  code: 'ECONNREFUSED',
  syscall: 'connect',
  address: '127.0.0.1',
  port: 49863
}
events.js:292
      throw er; // Unhandled 'error' event
      ^

Error: connect ECONNREFUSED 127.0.0.1:49863
    at TCPConnectWrap.afterConnect [as oncomplete] (net.js:1141:16)
Emitted 'error' event on ClientRequest instance at:
    at Socket.socketErrorListener (_http_client.js:426:9)
    at Socket.emit (events.js:315:20)
    at emitErrorNT (internal/streams/destroy.js:92:8)
    at emitErrorAndCloseNT (internal/streams/destroy.js:60:3)
    at processTicksAndRejections (internal/process/task_queues.js:84:21) {
  errno: 'ECONNREFUSED',
  code: 'ECONNREFUSED',
  syscall: 'connect',
  address: '127.0.0.1',
  port: 49863
}
events.js:292
      throw er; // Unhandled 'error' event
      ^

Error: connect ECONNREFUSED 127.0.0.1:49850
    at TCPConnectWrap.afterConnect [as oncomplete] (net.js:1141:16)
Emitted 'error' event on ClientRequest instance at:
    at Socket.socketErrorListener (_http_client.js:426:9)
    at Socket.emit (events.js:315:20)
    at emitErrorNT (internal/streams/destroy.js:92:8)
    at emitErrorAndCloseNT (internal/streams/destroy.js:60:3)
    at processTicksAndRejections (internal/process/task_queues.js:84:21) {
  errno: 'ECONNREFUSED',
  code: 'ECONNREFUSED',
  syscall: 'connect',
  address: '127.0.0.1',
  port: 49850
}
events.js:292
      throw er; // Unhandled 'error' event
      ^

Error: connect ECONNREFUSED 127.0.0.1:50136
    at TCPConnectWrap.afterConnect [as oncomplete] (net.js:1141:16)
Emitted 'error' event on ClientRequest instance at:
    at Socket.socketErrorListener (_http_client.js:426:9)
    at Socket.emit (events.js:315:20)
    at emitErrorNT (internal/streams/destroy.js:92:8)
    at emitErrorAndCloseNT (internal/streams/destroy.js:60:3)
    at processTicksAndRejections (internal/process/task_queues.js:84:21) {
  errno: 'ECONNREFUSED',
  code: 'ECONNREFUSED',
  syscall: 'connect',
  address: '127.0.0.1',
  port: 50136
}
events.js:292
      throw er; // Unhandled 'error' event
      ^

Error: connect ECONNREFUSED 127.0.0.1:50136
    at TCPConnectWrap.afterConnect [as oncomplete] (net.js:1141:16)
Emitted 'error' event on ClientRequest instance at:
    at Socket.socketErrorListener (_http_client.js:426:9)
    at Socket.emit (events.js:315:20)
    at emitErrorNT (internal/streams/destroy.js:92:8)
    at emitErrorAndCloseNT (internal/streams/destroy.js:60:3)
    at processTicksAndRejections (internal/process/task_queues.js:84:21) {
  errno: 'ECONNREFUSED',
  code: 'ECONNREFUSED',
  syscall: 'connect',
  address: '127.0.0.1',
  port: 50136
}
events.js:292
      throw er; // Unhandled 'error' event
      ^

Error: connect ECONNREFUSED 127.0.0.1:50136
    at TCPConnectWrap.afterConnect [as oncomplete] (net.js:1141:16)
Emitted 'error' event on ClientRequest instance at:
    at Socket.socketErrorListener (_http_client.js:426:9)
    at Socket.emit (events.js:315:20)
    at emitErrorNT (internal/streams/destroy.js:92:8)
    at emitErrorAndCloseNT (internal/streams/destroy.js:60:3)
    at processTicksAndRejections (internal/process/task_queues.js:84:21) {
  errno: 'ECONNREFUSED',
  code: 'ECONNREFUSED',
  syscall: 'connect',
  address: '127.0.0.1',
  port: 50136
}
events.js:292
      throw er; // Unhandled 'error' event
      ^

Error: connect ECONNREFUSED 127.0.0.1:49830
    at TCPConnectWrap.afterConnect [as oncomplete] (net.js:1141:16)
Emitted 'error' event on ClientRequest instance at:
    at Socket.socketErrorListener (_http_client.js:426:9)
    at Socket.emit (events.js:315:20)
    at emitErrorNT (internal/streams/destroy.js:92:8)
    at emitErrorAndCloseNT (internal/streams/destroy.js:60:3)
    at processTicksAndRejections (internal/process/task_queues.js:84:21) {
  errno: 'ECONNREFUSED',
  code: 'ECONNREFUSED',
  syscall: 'connect',
  address: '127.0.0.1',
  port: 49830
}
events.js:292
      throw er; // Unhandled 'error' event
      ^

Error: connect ECONNREFUSED 127.0.0.1:49830
    at TCPConnectWrap.afterConnect [as oncomplete] (net.js:1141:16)
Emitted 'error' event on ClientRequest instance at:
    at Socket.socketErrorListener (_http_client.js:426:9)
    at Socket.emit (events.js:315:20)
    at emitErrorNT (internal/streams/destroy.js:92:8)
    at emitErrorAndCloseNT (internal/streams/destroy.js:60:3)
    at processTicksAndRejections (internal/process/task_queues.js:84:21) {
  errno: 'ECONNREFUSED',
  code: 'ECONNREFUSED',
  syscall: 'connect',
  address: '127.0.0.1',
  port: 49830
}
events.js:292
      throw er; // Unhandled 'error' event
      ^

Error: connect ECONNREFUSED 127.0.0.1:49830
    at TCPConnectWrap.afterConnect [as oncomplete] (net.js:1141:16)
Emitted 'error' event on ClientRequest instance at:
    at Socket.socketErrorListener (_http_client.js:426:9)
    at Socket.emit (events.js:315:20)
    at emitErrorNT (internal/streams/destroy.js:92:8)
    at emitErrorAndCloseNT (internal/streams/destroy.js:60:3)
    at processTicksAndRejections (internal/process/task_queues.js:84:21) {
  errno: 'ECONNREFUSED',
  code: 'ECONNREFUSED',
  syscall: 'connect',
  address: '127.0.0.1',
  port: 49830
}
events.js:292
      throw er; // Unhandled 'error' event
      ^

Error: connect ECONNREFUSED 127.0.0.1:49406
    at TCPConnectWrap.afterConnect [as oncomplete] (net.js:1141:16)
Emitted 'error' event on ClientRequest instance at:
    at Socket.socketErrorListener (_http_client.js:426:9)
    at Socket.emit (events.js:315:20)
    at emitErrorNT (internal/streams/destroy.js:92:8)
    at emitErrorAndCloseNT (internal/streams/destroy.js:60:3)
    at processTicksAndRejections (internal/process/task_queues.js:84:21) {
  errno: 'ECONNREFUSED',
  code: 'ECONNREFUSED',
  syscall: 'connect',
  address: '127.0.0.1',
  port: 49406
}
events.js:292
      throw er; // Unhandled 'error' event
      ^

Error: connect ECONNREFUSED 127.0.0.1:49406
    at TCPConnectWrap.afterConnect [as oncomplete] (net.js:1141:16)
Emitted 'error' event on ClientRequest instance at:
    at Socket.socketErrorListener (_http_client.js:426:9)
    at Socket.emit (events.js:315:20)
    at emitErrorNT (internal/streams/destroy.js:92:8)
    at emitErrorAndCloseNT (internal/streams/destroy.js:60:3)
    at processTicksAndRejections (internal/process/task_queues.js:84:21) {
  errno: 'ECONNREFUSED',
  code: 'ECONNREFUSED',
  syscall: 'connect',
  address: '127.0.0.1',
  port: 49406
}
events.js:292
      throw er; // Unhandled 'error' event
      ^

Error: connect ECONNREFUSED 127.0.0.1:49406
    at TCPConnectWrap.afterConnect [as oncomplete] (net.js:1141:16)
Emitted 'error' event on ClientRequest instance at:
    at Socket.socketErrorListener (_http_client.js:426:9)
    at Socket.emit (events.js:315:20)
    at emitErrorNT (internal/streams/destroy.js:92:8)
    at emitErrorAndCloseNT (internal/streams/destroy.js:60:3)
    at processTicksAndRejections (internal/process/task_queues.js:84:21) {
  errno: 'ECONNREFUSED',
  code: 'ECONNREFUSED',
  syscall: 'connect',
  address: '127.0.0.1',
  port: 49406
}
events.js:292
      throw er; // Unhandled 'error' event
      ^

Error: connect ECONNREFUSED 127.0.0.1:49406
    at TCPConnectWrap.afterConnect [as oncomplete] (net.js:1141:16)
Emitted 'error' event on ClientRequest instance at:
    at Socket.socketErrorListener (_http_client.js:426:9)
    at Socket.emit (events.js:315:20)
    at emitErrorNT (internal/streams/destroy.js:92:8)
    at emitErrorAndCloseNT (internal/streams/destroy.js:60:3)
    at processTicksAndRejections (internal/process/task_queues.js:84:21) {
  errno: 'ECONNREFUSED',
  code: 'ECONNREFUSED',
  syscall: 'connect',
  address: '127.0.0.1',
  port: 49406
}
D:\Programming Projects\arctis-battery-oled\node_modules\node-windows\lib\eventlog.js:54
  if (msg.trim().length == 0) {return};
          ^

TypeError: msg.trim is not a function
    at write (D:\Programming Projects\arctis-battery-oled\node_modules\node-windows\lib\eventlog.js:54:11)
    at logger.value [as error] (D:\Programming Projects\arctis-battery-oled\node_modules\node-windows\lib\eventlog.js:166:9)
    at Timeout._onTimeout (D:\Programming Projects\arctis-battery-oled\Main.js:34:13)
    at listOnTimeout (internal/timers.js:549:17)
    at processTimers (internal/timers.js:492:7)
D:\Programming Projects\arctis-battery-oled\node_modules\node-windows\lib\eventlog.js:54
  if (msg.trim().length == 0) {return};
          ^

TypeError: msg.trim is not a function
    at write (D:\Programming Projects\arctis-battery-oled\node_modules\node-windows\lib\eventlog.js:54:11)
    at logger.value [as error] (D:\Programming Projects\arctis-battery-oled\node_modules\node-windows\lib\eventlog.js:166:9)
    at Timeout._onTimeout (D:\Programming Projects\arctis-battery-oled\Main.js:34:13)
    at listOnTimeout (internal/timers.js:549:17)
    at processTimers (internal/timers.js:492:7)
D:\Programming Projects\arctis-battery-oled\node_modules\node-windows\lib\eventlog.js:54
  if (msg.trim().length == 0) {return};
          ^

TypeError: msg.trim is not a function
    at write (D:\Programming Projects\arctis-battery-oled\node_modules\node-windows\lib\eventlog.js:54:11)
    at logger.value [as error] (D:\Programming Projects\arctis-battery-oled\node_modules\node-windows\lib\eventlog.js:166:9)
    at Timeout._onTimeout (D:\Programming Projects\arctis-battery-oled\Main.js:34:13)
    at listOnTimeout (internal/timers.js:549:17)
    at processTimers (internal/timers.js:492:7)
D:\Programming Projects\arctis-battery-oled\node_modules\node-windows\lib\eventlog.js:54
  if (msg.trim().length == 0) {return};
          ^

TypeError: msg.trim is not a function
    at write (D:\Programming Projects\arctis-battery-oled\node_modules\node-windows\lib\eventlog.js:54:11)
    at logger.value [as error] (D:\Programming Projects\arctis-battery-oled\node_modules\node-windows\lib\eventlog.js:166:9)
    at Timeout._onTimeout (D:\Programming Projects\arctis-battery-oled\Main.js:34:13)
    at listOnTimeout (internal/timers.js:549:17)
    at processTimers (internal/timers.js:492:7)
D:\Programming Projects\arctis-battery-oled\node_modules\node-windows\lib\eventlog.js:54
  if (msg.trim().length == 0) {return};
          ^

TypeError: msg.trim is not a function
    at write (D:\Programming Projects\arctis-battery-oled\node_modules\node-windows\lib\eventlog.js:54:11)
    at logger.value [as error] (D:\Programming Projects\arctis-battery-oled\node_modules\node-windows\lib\eventlog.js:166:9)
    at Timeout._onTimeout (D:\Programming Projects\arctis-battery-oled\Main.js:34:13)
    at listOnTimeout (internal/timers.js:549:17)
    at processTimers (internal/timers.js:492:7)
D:\Programming Projects\arctis-battery-oled\node_modules\node-windows\lib\eventlog.js:54
  if (msg.trim().length == 0) {return};
          ^

TypeError: msg.trim is not a function
    at write (D:\Programming Projects\arctis-battery-oled\node_modules\node-windows\lib\eventlog.js:54:11)
    at logger.value [as error] (D:\Programming Projects\arctis-battery-oled\node_modules\node-windows\lib\eventlog.js:166:9)
    at Timeout._onTimeout (D:\Programming Projects\arctis-battery-oled\Main.js:34:13)
    at listOnTimeout (internal/timers.js:549:17)
    at processTimers (internal/timers.js:492:7)
D:\Programming Projects\arctis-battery-oled\node_modules\node-windows\lib\eventlog.js:54
  if (msg.trim().length == 0) {return};
          ^

TypeError: msg.trim is not a function
    at write (D:\Programming Projects\arctis-battery-oled\node_modules\node-windows\lib\eventlog.js:54:11)
    at logger.value [as error] (D:\Programming Projects\arctis-battery-oled\node_modules\node-windows\lib\eventlog.js:166:9)
    at Timeout._onTimeout (D:\Programming Projects\arctis-battery-oled\Main.js:34:13)
    at listOnTimeout (internal/timers.js:549:17)
    at processTimers (internal/timers.js:492:7)
D:\Programming Projects\arctis-battery-oled\node_modules\node-windows\lib\eventlog.js:54
  if (msg.trim().length == 0) {return};
          ^

TypeError: msg.trim is not a function
    at write (D:\Programming Projects\arctis-battery-oled\node_modules\node-windows\lib\eventlog.js:54:11)
    at logger.value [as error] (D:\Programming Projects\arctis-battery-oled\node_modules\node-windows\lib\eventlog.js:166:9)
    at Timeout._onTimeout (D:\Programming Projects\arctis-battery-oled\Main.js:34:13)
    at listOnTimeout (internal/timers.js:549:17)
    at processTimers (internal/timers.js:492:7)
D:\Programming Projects\arctis-battery-oled\node_modules\node-windows\lib\eventlog.js:54
  if (msg.trim().length == 0) {return};
          ^

TypeError: msg.trim is not a function
    at write (D:\Programming Projects\arctis-battery-oled\node_modules\node-windows\lib\eventlog.js:54:11)
    at logger.value [as error] (D:\Programming Projects\arctis-battery-oled\node_modules\node-windows\lib\eventlog.js:166:9)
    at Timeout._onTimeout (D:\Programming Projects\arctis-battery-oled\Main.js:34:13)
    at listOnTimeout (internal/timers.js:549:17)
    at processTimers (internal/timers.js:492:7)
